SF:c:\Users\AdamMyczkowski\OneDrive - QTM Global Services Ltd\Documents\GitHub\CollegeProjects\TicTacToe\src\Program.cs
FN:23,System.Void TicTacToe.Program::Main(System.String[])
FNDA:0,System.Void TicTacToe.Program::Main(System.String[])
DA:24,0
DA:25,0
DA:26,0
DA:27,0
DA:28,0
DA:29,0
DA:30,0
DA:31,0
DA:32,0
DA:35,0
DA:36,0
DA:38,0
DA:39,0
DA:41,0
DA:42,0
BRDA:27,79,1,0
BRDA:27,61,0,0
BRDA:27,61,1,0
BRDA:27,79,0,0
BRDA:32,96,0,0
BRDA:32,96,1,0
BRDA:32,109,1,0
BRDA:32,109,0,0
FN:45,System.Void TicTacToe.Program::twoPlayers()
FNDA:0,System.Void TicTacToe.Program::twoPlayers()
DA:46,0
DA:47,0
DA:48,0
DA:49,0
DA:50,0
DA:51,0
DA:52,0
DA:53,0
DA:54,0
DA:55,0
BRDA:48,67,1,0
BRDA:50,17,0,0
BRDA:50,17,1,0
BRDA:50,29,1,0
BRDA:52,40,0,0
BRDA:52,40,1,0
BRDA:52,52,1,0
BRDA:50,29,0,0
BRDA:52,52,0,0
BRDA:48,67,0,0
FN:57,System.Void TicTacToe.Program::updateBoard()
FNDA:0,System.Void TicTacToe.Program::updateBoard()
DA:58,0
DA:59,0
DA:60,0
DA:61,0
DA:62,0
DA:63,0
DA:64,0
DA:65,0
DA:66,0
DA:67,0
FN:69,System.String TicTacToe.Program::freeIndex(System.Char[])
FNDA:0,System.String TicTacToe.Program::freeIndex(System.Char[])
DA:70,0
DA:71,0
DA:72,0
DA:73,0
DA:74,0
DA:75,0
DA:76,0
DA:77,0
DA:78,0
DA:79,0
DA:80,0
BRDA:72,59,1,0
BRDA:74,17,0,0
BRDA:74,17,1,0
BRDA:72,59,0,0
FN:82,System.Nullable`1<System.Int32> TicTacToe.Program::getRandom()
FNDA:0,System.Nullable`1<System.Int32> TicTacToe.Program::getRandom()
DA:83,0
DA:84,0
DA:85,0
DA:86,0
DA:87,0
DA:88,0
DA:89,0
DA:90,0
DA:91,0
DA:92,0
DA:93,0
DA:94,0
DA:95,0
BRDA:85,24,0,0
BRDA:89,102,1,0
BRDA:89,102,0,0
BRDA:85,24,1,0
BRDA:94,115,0,0
BRDA:94,115,1,0
FN:97,System.Boolean TicTacToe.Program::checkWinner(System.Char,System.Char[])
FNDA:0,System.Boolean TicTacToe.Program::checkWinner(System.Char,System.Char[])
DA:98,0
DA:99,0
DA:100,0
DA:101,0
DA:102,0
DA:103,0
DA:104,0
DA:105,0
DA:106,0
DA:107,0
DA:108,0
DA:109,0
DA:111,0
DA:112,0
BRDA:99,5,0,0
BRDA:99,11,0,0
BRDA:99,5,1,0
BRDA:99,11,1,0
BRDA:99,17,0,0
BRDA:99,26,0,0
BRDA:99,32,0,0
BRDA:99,26,1,0
BRDA:99,32,1,0
BRDA:99,38,0,0
BRDA:99,44,0,0
BRDA:99,50,0,0
BRDA:99,44,1,0
BRDA:99,50,1,0
BRDA:99,56,0,0
BRDA:99,62,0,0
BRDA:99,68,0,0
BRDA:99,62,1,0
BRDA:99,68,1,0
BRDA:99,74,0,0
BRDA:99,80,0,0
BRDA:99,86,0,0
BRDA:99,80,1,0
BRDA:99,86,1,0
BRDA:99,92,0,0
BRDA:99,98,0,0
BRDA:99,104,0,0
BRDA:99,98,1,0
BRDA:99,104,1,0
BRDA:99,110,0,0
BRDA:99,116,0,0
BRDA:99,122,0,0
BRDA:99,116,1,0
BRDA:99,122,1,0
BRDA:99,128,0,0
BRDA:99,134,0,0
BRDA:99,140,0,0
BRDA:99,134,1,0
BRDA:99,140,1,0
BRDA:99,17,1,0
BRDA:99,38,1,0
BRDA:99,56,1,0
BRDA:99,74,1,0
BRDA:99,92,1,0
BRDA:99,110,1,0
BRDA:99,128,1,0
BRDA:99,156,0,0
BRDA:99,156,1,0
FN:115,System.Boolean TicTacToe.Program::UserInput(System.Char)
FNDA:0,System.Boolean TicTacToe.Program::UserInput(System.Char)
DA:116,0
DA:117,0
DA:118,0
DA:119,0
DA:120,0
DA:121,0
DA:122,0
DA:123,0
DA:124,0
DA:125,0
DA:126,0
DA:127,0
DA:128,0
DA:129,0
DA:131,0
DA:132,0
DA:133,0
DA:134,0
BRDA:117,16,0,0
BRDA:121,263,1,0
BRDA:121,232,0,0
BRDA:121,245,0,0
BRDA:121,232,1,0
BRDA:121,245,1,0
BRDA:121,263,0,0
BRDA:117,16,1,0
FN:137,System.Void TicTacToe.Program::machinePlay()
FNDA:0,System.Void TicTacToe.Program::machinePlay()
DA:138,0
DA:139,0
DA:140,0
DA:141,0
DA:142,0
DA:143,0
DA:144,0
DA:145,0
DA:146,0
DA:149,0
DA:150,0
DA:151,0
DA:152,0
DA:153,0
DA:154,0
DA:155,0
DA:156,0
DA:157,0
DA:159,0
DA:160,0
DA:161,0
DA:162,0
DA:163,0
DA:164,0
DA:165,0
DA:166,0
DA:167,0
DA:169,0
DA:170,0
DA:171,0
DA:172,0
DA:173,0
DA:174,0
DA:175,0
DA:176,0
DA:177,0
DA:179,0
BRDA:141,92,1,0
BRDA:141,61,0,0
BRDA:141,74,0,0
BRDA:141,61,1,0
BRDA:141,74,1,0
BRDA:141,92,0,0
BRDA:146,109,0,0
BRDA:146,122,0,0
BRDA:146,109,1,0
BRDA:150,218,1,0
BRDA:152,161,0,0
BRDA:152,161,1,0
BRDA:152,175,1,0
BRDA:154,187,0,0
BRDA:154,187,1,0
BRDA:154,201,1,0
BRDA:159,298,1,0
BRDA:162,241,0,0
BRDA:162,241,1,0
BRDA:162,255,1,0
BRDA:164,267,0,0
BRDA:164,267,1,0
BRDA:164,281,1,0
BRDA:146,122,1,0
BRDA:169,375,1,0
BRDA:172,318,0,0
BRDA:172,318,1,0
BRDA:172,332,1,0
BRDA:174,344,0,0
BRDA:174,344,1,0
BRDA:174,358,1,0
BRDA:146,135,1,0
BRDA:146,135,0,0
BRDA:152,175,0,0
BRDA:154,201,0,0
BRDA:150,218,0,0
BRDA:162,255,0,0
BRDA:164,281,0,0
BRDA:159,298,0,0
BRDA:172,332,0,0
BRDA:174,358,0,0
BRDA:169,375,0,0
FN:195,System.Void TicTacToe.Program::winningId(System.Char[],System.Char,System.Int32,System.Int32&,System.Nullable`1<System.Int32>&)
FNDA:0,System.Void TicTacToe.Program::winningId(System.Char[],System.Char,System.Int32,System.Int32&,System.Nullable`1<System.Int32>&)
DA:196,0
DA:197,0
DA:198,0
DA:199,0
DA:200,0
DA:201,0
DA:202,0
DA:203,0
BRDA:198,14,0,0
BRDA:198,14,1,0
FN:205,System.Boolean TicTacToe.Program::ComputerInput(System.Char,System.String)
FNDA:0,System.Boolean TicTacToe.Program::ComputerInput(System.Char,System.String)
DA:206,0
DA:207,0
DA:208,0
DA:209,0
DA:210,0
DA:211,0
DA:212,0
DA:213,0
DA:214,0
DA:215,0
DA:216,0
DA:217,0
DA:218,0
DA:219,0
DA:220,0
DA:221,0
DA:222,0
DA:223,0
DA:224,0
DA:225,0
DA:226,0
DA:228,0
DA:229,0
DA:230,0
DA:231,0
DA:232,0
DA:233,0
DA:235,0
DA:236,0
DA:237,0
DA:238,0
BRDA:207,16,0,0
BRDA:211,51,0,0
BRDA:211,51,1,0
BRDA:211,71,0,0
BRDA:214,228,1,0
BRDA:217,189,0,0
BRDA:217,189,1,0
BRDA:214,228,0,0
BRDA:220,241,0,0
BRDA:220,241,1,0
BRDA:222,267,0,0
BRDA:222,276,0,0
BRDA:222,267,1,0
BRDA:222,276,1,0
BRDA:222,296,0,0
BRDA:222,296,1,0
BRDA:211,71,1,0
BRDA:225,322,0,0
BRDA:228,346,0,0
BRDA:228,346,1,0
BRDA:225,322,1,0
BRDA:207,16,1,0
FN:20,System.Void TicTacToe.Program::.cctor()
FNDA:0,System.Void TicTacToe.Program::.cctor()
DA:21,0
DA:22,0
LF:169
LH:0
BRF:150
BRH:0
FNF:11
FNH:0
end_of_record