SF:c:\Users\AdamMyczkowski\OneDrive - QTM Global Services Ltd\Documents\GitHub\wip\CollegeProjects\StringCalculatorProject\src\Program.cs
FN:5,System.Void StringCalculatorProject.Program::Main(System.String[])
FNDA:0,System.Void StringCalculatorProject.Program::Main(System.String[])
DA:6,0
DA:7,0
DA:8,0
DA:9,0
DA:10,0
DA:14,0
DA:15,0
DA:16,0
BRDA:10,106,1,0
BRDA:10,106,0,0
BRDA:14,115,0,0
BRDA:14,115,1,0
LF:8
LH:0
BRF:4
BRH:0
FNF:1
FNH:0
end_of_record
SF:c:\Users\AdamMyczkowski\OneDrive - QTM Global Services Ltd\Documents\GitHub\wip\CollegeProjects\StringCalculatorProject\src\StringCalculator.cs
FN:16,System.ValueTuple`2<System.Int32,System.String> StringCalculatorProject.StringCalculator::Calc(System.String)
FNDA:0,System.ValueTuple`2<System.Int32,System.String> StringCalculatorProject.StringCalculator::Calc(System.String)
DA:17,0
DA:18,0
DA:19,0
DA:20,0
DA:21,0
DA:22,0
DA:23,0
DA:24,0
DA:25,0
DA:26,0
DA:27,0
DA:28,0
DA:29,0
DA:30,0
DA:32,0
DA:34,0
DA:35,0
DA:36,0
DA:37,0
DA:38,0
DA:39,0
DA:40,0
DA:41,0
DA:42,0
DA:43,0
DA:44,0
DA:47,0
DA:48,0
BRDA:18,2,0,0
BRDA:18,12,0,0
BRDA:18,2,1,0
BRDA:18,12,1,0
BRDA:18,28,0,0
BRDA:18,57,0,0
BRDA:18,57,1,0
BRDA:18,28,1,0
BRDA:19,148,0,0
BRDA:19,148,1,0
BRDA:20,178,0,0
BRDA:23,285,1,0
BRDA:25,222,0,0
BRDA:25,228,0,0
BRDA:25,222,1,0
BRDA:25,228,1,0
BRDA:25,243,0,0
BRDA:28,264,0,0
BRDA:28,264,1,0
BRDA:25,243,1,0
BRDA:23,285,0,0
BRDA:32,312,0,0
BRDA:32,312,1,0
BRDA:32,331,0,0
BRDA:32,331,1,0
BRDA:36,498,1,0
BRDA:38,441,0,0
BRDA:38,441,1,0
BRDA:38,456,0,0
BRDA:41,477,0,0
BRDA:41,477,1,0
BRDA:38,456,1,0
BRDA:36,498,0,0
BRDA:20,178,1,0
FN:50,System.String StringCalculatorProject.StringCalculator::getHelp()
FNDA:0,System.String StringCalculatorProject.StringCalculator::getHelp()
DA:51,0
DA:52,0
DA:53,0
DA:54,0
DA:55,0
DA:56,0
DA:57,0
DA:58,0
DA:59,0
DA:60,0
DA:61,0
DA:62,0
DA:63,0
FN:65,System.Void StringCalculatorProject.StringCalculator::AddSub(System.Int32,System.Char)
FNDA:0,System.Void StringCalculatorProject.StringCalculator::AddSub(System.Int32,System.Char)
DA:66,0
DA:67,0
DA:68,0
DA:69,0
DA:70,0
BRDA:67,8,0,0
BRDA:67,8,1,0
BRDA:68,51,0,0
BRDA:68,51,1,0
FN:72,System.Boolean StringCalculatorProject.StringCalculator::getEquation(System.String)
FNDA:0,System.Boolean StringCalculatorProject.StringCalculator::getEquation(System.String)
DA:73,0
DA:74,0
DA:75,0
DA:76,0
DA:77,0
DA:78,0
DA:79,0
DA:80,0
DA:81,0
DA:82,0
DA:83,0
DA:84,0
DA:85,0
DA:86,0
DA:87,0
DA:88,0
DA:89,0
DA:90,0
DA:91,0
BRDA:75,257,1,0
BRDA:77,34,0,0
BRDA:79,50,0,0
BRDA:79,50,1,0
BRDA:77,34,1,0
BRDA:82,129,0,0
BRDA:82,129,1,0
BRDA:75,257,0,0
FN:93,System.Int32 StringCalculatorProject.StringCalculator::indexOfOperator(System.Char)
FNDA:0,System.Int32 StringCalculatorProject.StringCalculator::indexOfOperator(System.Char)
DA:94,0
DA:95,0
DA:96,0
DA:97,0
DA:98,0
DA:99,0
DA:100,0
BRDA:95,48,1,0
BRDA:97,22,0,0
BRDA:97,22,1,0
BRDA:95,48,0,0
FN:102,System.Void StringCalculatorProject.StringCalculator::peformHighRankCalc(System.Int32,System.Char)
FNDA:0,System.Void StringCalculatorProject.StringCalculator::peformHighRankCalc(System.Int32,System.Char)
DA:103,0
DA:104,0
DA:105,0
DA:106,0
DA:107,0
DA:108,0
BRDA:104,8,0,0
BRDA:104,8,1,0
BRDA:105,51,0,0
BRDA:105,51,1,0
BRDA:106,94,0,0
BRDA:106,94,1,0
FN:110,System.Void StringCalculatorProject.StringCalculator::removeHighRankCalcFromEquation(System.Int32,System.Double)
FNDA:0,System.Void StringCalculatorProject.StringCalculator::removeHighRankCalcFromEquation(System.Int32,System.Double)
DA:111,0
DA:112,0
DA:113,0
DA:114,0
DA:115,0
FN:11,System.Void StringCalculatorProject.StringCalculator::.cctor()
FNDA:0,System.Void StringCalculatorProject.StringCalculator::.cctor()
DA:12,0
DA:13,0
LF:85
LH:0
BRF:56
BRH:0
FNF:8
FNH:0
end_of_record